<?xml version="1.0" encoding="UTF-8"?>
<!-- Generated by org.testng.reporters.JUnitXMLReporter -->
<testsuite hostname="LAPTOP-5HL70CFF" ignored="0" name="ParallelTest" tests="4" failures="0" timestamp="2022-09-04T10:53:03 EDT" time="12.678" errors="0">
  <testcase name="setup4" time="6.304" classname="com.testng.practice.ParallelTesting"/>
  <testcase name="setup3" time="7.965" classname="com.testng.practice.ParallelTesting"/>
  <testcase name="setup1" time="10.41" classname="com.testng.practice.ParallelTesting"/>
  <testcase name="setup2" time="12.635" classname="com.testng.practice.ParallelTesting"/>
</testsuite> <!-- ParallelTest -->
