<?xml version="1.0" encoding="UTF-8"?>
<!-- Generated by org.testng.reporters.JUnitXMLReporter -->
<testsuite hostname="LAPTOP-5HL70CFF" ignored="0" name="test2" tests="6" failures="1" timestamp="2022-01-31T10:30:19 EST" time="0.018" errors="0">
  <testcase name="findFactorial" time="0.001" classname="com.coding.test.Factorial_Class"/>
  <testcase name="getTitle" time="0.002" classname="com.coding.test.Factorial_Class">
    <failure type="java.lang.AssertionError" message="expected [true] but found [false]">
      <![CDATA[java.lang.AssertionError: expected [true] but found [false]
at com.coding.test.Factorial_Class.getTitle(Factorial_Class.java:25)
at java.util.ArrayList.forEach(ArrayList.java:1259)
... Removed 31 stack frames]]>
    </failure>
  </testcase> <!-- getTitle -->
  <testcase name="getTitle1" time="0.001" classname="com.coding.test.Factorial_Class"/>
  <testcase name="getDuplicateChar" time="0.0" classname="com.coding.test.FindDuplicate"/>
  <testcase name="getDuplicateString" time="0.001" classname="com.coding.test.FindDuplicate"/>
  <testcase name="removeDuplicateString" time="0.001" classname="com.coding.test.FindDuplicate"/>
</testsuite> <!-- test2 -->
