<?xml version="1.0" encoding="UTF-8"?>
<testng-results skipped="0" failed="0" ignored="0" total="1" passed="1">
  <reporter-output>
  </reporter-output>
  <suite name="Default suite" duration-ms="16934" started-at="2022-09-23T22:09:44 EDT" finished-at="2022-09-23T22:10:01 EDT">
    <groups>
    </groups>
    <test name="Default test" duration-ms="16934" started-at="2022-09-23T22:09:44 EDT" finished-at="2022-09-23T22:10:01 EDT">
      <class name="com.practice.PracticeA">
        <test-method status="PASS" signature="loginTest()[pri:0, instance:com.practice.PracticeA@6b57696f]" name="loginTest" duration-ms="16901" started-at="2022-09-23T22:09:44 EDT" finished-at="2022-09-23T22:10:01 EDT">
          <reporter-output>
          </reporter-output>
        </test-method> <!-- loginTest -->
      </class> <!-- com.practice.PracticeA -->
    </test> <!-- Default test -->
  </suite> <!-- Default suite -->
</testng-results>
